2016-02-18T12:14:19.108+0200 I CONTROL  [main] ***** SERVER RESTARTED *****
2016-02-18T12:14:19.471+0200 I CONTROL  [main] Trying to install Windows service 'MongoDB'
2016-02-18T12:14:19.485+0200 I CONTROL  [main] Service 'MongoDB' (MongoDB) installed with command line 'C:\git\Practices\mongo\bin\mongod.exe --config c:\git\practices\mongo\mongod.config --service'
2016-02-18T12:14:19.486+0200 I CONTROL  [main] Service can be started from the command line with 'net start MongoDB'
2016-02-18T12:14:19.662+0200 I CONTROL  [main] ***** SERVER RESTARTED *****
2016-02-18T12:14:20.045+0200 I CONTROL  [main] Trying to start Windows service 'MongoDB'
2016-02-18T12:14:20.046+0200 I STORAGE  [thread1] Service running
2016-02-18T12:14:20.046+0200 I CONTROL  [initandlisten] MongoDB starting : pid=14056 port=27017 dbpath=c:/Git/Practices/mongo/data 64-bit host=EPUAKHAW1005
2016-02-18T12:14:20.047+0200 I CONTROL  [initandlisten] targetMinOS: Windows 7/Windows Server 2008 R2
2016-02-18T12:14:20.047+0200 I CONTROL  [initandlisten] db version v3.2.1-83-g187028f
2016-02-18T12:14:20.047+0200 I CONTROL  [initandlisten] git version: 187028f283545496b0254216d17822211fe5202c
2016-02-18T12:14:20.047+0200 I CONTROL  [initandlisten] OpenSSL version: OpenSSL 1.0.1p-fips 9 Jul 2015
2016-02-18T12:14:20.047+0200 I CONTROL  [initandlisten] allocator: tcmalloc
2016-02-18T12:14:20.048+0200 I CONTROL  [initandlisten] modules: none
2016-02-18T12:14:20.048+0200 I CONTROL  [initandlisten] build environment:
2016-02-18T12:14:20.048+0200 I CONTROL  [initandlisten]     distmod: 2008plus-ssl
2016-02-18T12:14:20.048+0200 I CONTROL  [initandlisten]     distarch: x86_64
2016-02-18T12:14:20.048+0200 I CONTROL  [initandlisten]     target_arch: x86_64
2016-02-18T12:14:20.048+0200 I CONTROL  [initandlisten] options: { config: "c:\git\practices\mongo\mongod.config", service: true, storage: { dbPath: "c:/Git/Practices/mongo/data", directoryPerDB: true }, systemLog: { destination: "file", logAppend: true, path: "c:/Git/Practices/mongo/log/mongo.log" } }
2016-02-18T12:14:20.048+0200 I STORAGE  [initandlisten] exception in initAndListen: 29 Data directory c:/Git/Practices/mongo/data not found., terminating
2016-02-18T12:14:20.049+0200 I CONTROL  [serviceStopWorker] dbexit:  rc: 49
2016-02-18T12:14:48.444+0200 I CONTROL  [main] ***** SERVER RESTARTED *****
2016-02-18T12:14:48.846+0200 I CONTROL  [main] Trying to install Windows service 'MongoDB'
2016-02-18T12:14:48.847+0200 I CONTROL  [main] There is already a service named 'MongoDB', sleeping and retrying
2016-02-18T12:14:49.046+0200 I CONTROL  [main] ***** SERVER RESTARTED *****
2016-02-18T12:14:49.457+0200 I CONTROL  [main] Trying to start Windows service 'MongoDB'
2016-02-18T12:14:49.458+0200 I STORAGE  [thread1] Service running
2016-02-18T12:14:49.458+0200 I CONTROL  [initandlisten] MongoDB starting : pid=13728 port=27017 dbpath=c:/Git/Practices/mongo/data 64-bit host=EPUAKHAW1005
2016-02-18T12:14:49.458+0200 I CONTROL  [initandlisten] targetMinOS: Windows 7/Windows Server 2008 R2
2016-02-18T12:14:49.458+0200 I CONTROL  [initandlisten] db version v3.2.1-83-g187028f
2016-02-18T12:14:49.458+0200 I CONTROL  [initandlisten] git version: 187028f283545496b0254216d17822211fe5202c
2016-02-18T12:14:49.458+0200 I CONTROL  [initandlisten] OpenSSL version: OpenSSL 1.0.1p-fips 9 Jul 2015
2016-02-18T12:14:49.458+0200 I CONTROL  [initandlisten] allocator: tcmalloc
2016-02-18T12:14:49.458+0200 I CONTROL  [initandlisten] modules: none
2016-02-18T12:14:49.458+0200 I CONTROL  [initandlisten] build environment:
2016-02-18T12:14:49.458+0200 I CONTROL  [initandlisten]     distmod: 2008plus-ssl
2016-02-18T12:14:49.458+0200 I CONTROL  [initandlisten]     distarch: x86_64
2016-02-18T12:14:49.459+0200 I CONTROL  [initandlisten]     target_arch: x86_64
2016-02-18T12:14:49.459+0200 I CONTROL  [initandlisten] options: { config: "c:\git\practices\mongo\mongod.config", service: true, storage: { dbPath: "c:/Git/Practices/mongo/data", directoryPerDB: true }, systemLog: { destination: "file", logAppend: true, path: "c:/Git/Practices/mongo/log/mongo.log" } }
2016-02-18T12:14:49.462+0200 I STORAGE  [initandlisten] wiredtiger_open config: create,cache_size=8G,session_max=20000,eviction=(threads_max=4),config_base=false,statistics=(fast),log=(enabled=true,archive=true,path=journal,compressor=snappy),file_manager=(close_idle_time=100000),checkpoint=(wait=60,log_size=2GB),statistics_log=(wait=0),
2016-02-18T12:14:49.548+0200 I NETWORK  [HostnameCanonicalizationWorker] Starting hostname canonicalization worker
2016-02-18T12:14:49.548+0200 I FTDC     [initandlisten] Initializing full-time diagnostic data capture with directory 'c:/Git/Practices/mongo/data/diagnostic.data'
2016-02-18T12:14:49.565+0200 I NETWORK  [initandlisten] waiting for connections on port 27017
2016-02-18T12:14:55.175+0200 I CONTROL  [serviceShutdown] got SERVICE_CONTROL_STOP request from Windows Service Control Manager, will terminate after current cmd ends
2016-02-18T12:14:55.180+0200 I FTDC     [serviceStopWorker] Shutting down full-time diagnostic data capture
2016-02-18T12:14:55.182+0200 I CONTROL  [serviceStopWorker] now exiting
2016-02-18T12:14:55.182+0200 I NETWORK  [serviceStopWorker] shutdown: going to close listening sockets...
2016-02-18T12:14:55.182+0200 I NETWORK  [serviceStopWorker] closing listening socket: 592
2016-02-18T12:14:55.182+0200 I NETWORK  [serviceStopWorker] shutdown: going to flush diaglog...
2016-02-18T12:14:55.182+0200 I NETWORK  [serviceStopWorker] shutdown: going to close sockets...
2016-02-18T12:14:55.182+0200 I STORAGE  [serviceStopWorker] WiredTigerKVEngine shutting down
2016-02-18T12:14:55.323+0200 I STORAGE  [serviceStopWorker] shutdown: removing fs lock...
2016-02-18T12:14:55.324+0200 I CONTROL  [serviceStopWorker] dbexit:  rc: 49
2016-02-18T12:15:02.169+0200 I CONTROL  [main] ***** SERVER RESTARTED *****
2016-02-18T12:15:02.527+0200 I CONTROL  [main] Trying to install Windows service 'MongoDB'
2016-02-18T12:15:02.539+0200 I CONTROL  [main] Service 'MongoDB' (MongoDB) installed with command line 'C:\git\Practices\mongo\bin\mongod.exe --config c:\git\practices\mongo\mongod.config --service'
2016-02-18T12:15:02.539+0200 I CONTROL  [main] Service can be started from the command line with 'net start MongoDB'
2016-02-18T12:15:02.724+0200 I CONTROL  [main] ***** SERVER RESTARTED *****
2016-02-18T12:15:03.089+0200 I CONTROL  [main] Trying to start Windows service 'MongoDB'
2016-02-18T12:15:03.089+0200 I STORAGE  [thread1] Service running
2016-02-18T12:15:03.090+0200 I CONTROL  [initandlisten] MongoDB starting : pid=13512 port=27017 dbpath=c:/Git/Practices/mongo/data 64-bit host=EPUAKHAW1005
2016-02-18T12:15:03.090+0200 I CONTROL  [initandlisten] targetMinOS: Windows 7/Windows Server 2008 R2
2016-02-18T12:15:03.090+0200 I CONTROL  [initandlisten] db version v3.2.1-83-g187028f
2016-02-18T12:15:03.090+0200 I CONTROL  [initandlisten] git version: 187028f283545496b0254216d17822211fe5202c
2016-02-18T12:15:03.090+0200 I CONTROL  [initandlisten] OpenSSL version: OpenSSL 1.0.1p-fips 9 Jul 2015
2016-02-18T12:15:03.090+0200 I CONTROL  [initandlisten] allocator: tcmalloc
2016-02-18T12:15:03.090+0200 I CONTROL  [initandlisten] modules: none
2016-02-18T12:15:03.090+0200 I CONTROL  [initandlisten] build environment:
2016-02-18T12:15:03.090+0200 I CONTROL  [initandlisten]     distmod: 2008plus-ssl
2016-02-18T12:15:03.090+0200 I CONTROL  [initandlisten]     distarch: x86_64
2016-02-18T12:15:03.090+0200 I CONTROL  [initandlisten]     target_arch: x86_64
2016-02-18T12:15:03.090+0200 I CONTROL  [initandlisten] options: { config: "c:\git\practices\mongo\mongod.config", service: true, storage: { dbPath: "c:/Git/Practices/mongo/data", directoryPerDB: true }, systemLog: { destination: "file", logAppend: true, path: "c:/Git/Practices/mongo/log/mongo.log" } }
2016-02-18T12:15:03.091+0200 I -        [initandlisten] Detected data files in c:/Git/Practices/mongo/data created by the 'wiredTiger' storage engine, so setting the active storage engine to 'wiredTiger'.
2016-02-18T12:15:03.092+0200 I STORAGE  [initandlisten] wiredtiger_open config: create,cache_size=8G,session_max=20000,eviction=(threads_max=4),config_base=false,statistics=(fast),log=(enabled=true,archive=true,path=journal,compressor=snappy),file_manager=(close_idle_time=100000),checkpoint=(wait=60,log_size=2GB),statistics_log=(wait=0),
2016-02-18T12:15:03.365+0200 I NETWORK  [HostnameCanonicalizationWorker] Starting hostname canonicalization worker
2016-02-18T12:15:03.365+0200 I FTDC     [initandlisten] Initializing full-time diagnostic data capture with directory 'c:/Git/Practices/mongo/data/diagnostic.data'
2016-02-18T12:15:03.366+0200 I NETWORK  [initandlisten] waiting for connections on port 27017
2016-02-18T12:19:40.085+0200 I NETWORK  [initandlisten] connection accepted from 127.0.0.1:53895 #1 (1 connection now open)
2016-02-18T12:19:40.087+0200 I COMMAND  [conn1] CMD: drop epam.subscribers
2016-02-18T12:19:40.108+0200 I NETWORK  [conn1] end connection 127.0.0.1:53895 (0 connections now open)
2016-02-18T12:19:44.155+0200 I NETWORK  [initandlisten] connection accepted from 127.0.0.1:53896 #2 (1 connection now open)
2016-02-18T12:23:16.836+0200 I NETWORK  [conn2] end connection 127.0.0.1:53896 (0 connections now open)
2016-02-18T12:23:25.061+0200 I NETWORK  [initandlisten] connection accepted from 127.0.0.1:53985 #3 (1 connection now open)
